# JRE version: Java(TM) SE Runtime Environment (8.0_161-b12) (build 1.8.0_161-b12)
# Java VM: Java HotSpot(TM) 64-Bit Server VM (25.161-b12 mixed mode windows-amd64 compressed oops)
Heap:
 PSYoungGen      total 86016K, used 70385K [0x00000000eb980000, 0x00000000f3880000, 0x0000000100000000)
  eden space 74752K, 79% used [0x00000000eb980000,0x00000000ef39f390,0x00000000f0280000)
  from space 11264K, 96% used [0x00000000f2d80000,0x00000000f381d3a0,0x00000000f3880000)
  to   space 20992K, 0% used [0x00000000f0f80000,0x00000000f0f80000,0x00000000f2400000)
 ParOldGen       total 84992K, used 33071K [0x00000000c2c00000, 0x00000000c7f00000, 0x00000000eb980000)
  object space 84992K, 38% used [0x00000000c2c00000,0x00000000c4c4bd30,0x00000000c7f00000)
 Metaspace       used 24069K, capacity 24621K, committed 24960K, reserved 1071104K
  class space    used 2414K, capacity 2570K, committed 2688K, reserved 1048576K
GC Heap History (10 events):
Event: 2.502 GC heap before
{Heap before GC invocations=6 (full 1):
 PSYoungGen      total 34304K, used 2530K [0x00000000eb980000, 0x00000000f0580000, 0x0000000100000000)
  eden space 31744K, 0% used [0x00000000eb980000,0x00000000eb980000,0x00000000ed880000)
  from space 2560K, 98% used [0x00000000ed880000,0x00000000edaf8a30,0x00000000edb00000)
  to   space 7168K, 0% used [0x00000000efe80000,0x00000000efe80000,0x00000000f0580000)
 ParOldGen       total 42496K, used 10714K [0x00000000c2c00000, 0x00000000c5580000, 0x00000000eb980000)
  object space 42496K, 25% used [0x00000000c2c00000,0x00000000c3676ac8,0x00000000c5580000)
 Metaspace       used 20791K, capacity 21049K, committed 21248K, reserved 1069056K
  class space    used 2157K, capacity 2227K, committed 2304K, reserved 1048576K
Event: 2.548 GC heap after
Heap after GC invocations=6 (full 1):
 PSYoungGen      total 34304K, used 0K [0x00000000eb980000, 0x00000000f0580000, 0x0000000100000000)
  eden space 31744K, 0% used [0x00000000eb980000,0x00000000eb980000,0x00000000ed880000)
  from space 2560K, 0% used [0x00000000ed880000,0x00000000ed880000,0x00000000edb00000)
  to   space 7168K, 0% used [0x00000000efe80000,0x00000000efe80000,0x00000000f0580000)
 ParOldGen       total 31232K, used 6708K [0x00000000c2c00000, 0x00000000c4a80000, 0x00000000eb980000)
  object space 31232K, 21% used [0x00000000c2c00000,0x00000000c328d0e8,0x00000000c4a80000)
 Metaspace       used 20791K, capacity 21049K, committed 21248K, reserved 1069056K
  class space    used 2157K, capacity 2227K, committed 2304K, reserved 1048576K
}
Event: 3.254 GC heap before
{Heap before GC invocations=7 (full 1):
 PSYoungGen      total 34304K, used 31744K [0x00000000eb980000, 0x00000000f0580000, 0x0000000100000000)
  eden space 31744K, 100% used [0x00000000eb980000,0x00000000ed880000,0x00000000ed880000)
  from space 2560K, 0% used [0x00000000ed880000,0x00000000ed880000,0x00000000edb00000)
  to   space 7168K, 0% used [0x00000000efe80000,0x00000000efe80000,0x00000000f0580000)
 ParOldGen       total 31232K, used 6708K [0x00000000c2c00000, 0x00000000c4a80000, 0x00000000eb980000)
  object space 31232K, 21% used [0x00000000c2c00000,0x00000000c328d0e8,0x00000000c4a80000)
 Metaspace       used 22943K, capacity 23469K, committed 23808K, reserved 1071104K
  class space    used 2368K, capacity 2506K, committed 2560K, reserved 1048576K
Event: 3.261 GC heap after
Heap after GC invocations=7 (full 1):
 PSYoungGen      total 60928K, used 6347K [0x00000000eb980000, 0x00000000f0500000, 0x0000000100000000)
  eden space 54272K, 0% used [0x00000000eb980000,0x00000000eb980000,0x00000000eee80000)
  from space 6656K, 95% used [0x00000000efe80000,0x00000000f04b2da0,0x00000000f0500000)
  to   space 7680K, 0% used [0x00000000ef600000,0x00000000ef600000,0x00000000efd80000)
 ParOldGen       total 31232K, used 6716K [0x00000000c2c00000, 0x00000000c4a80000, 0x00000000eb980000)
  object space 31232K, 21% used [0x00000000c2c00000,0x00000000c328f0e8,0x00000000c4a80000)
 Metaspace       used 22943K, capacity 23469K, committed 23808K, reserved 1071104K
  class space    used 2368K, capacity 2506K, committed 2560K, reserved 1048576K
}
Event: 3.614 GC heap before
{Heap before GC invocations=8 (full 1):
 PSYoungGen      total 60928K, used 60619K [0x00000000eb980000, 0x00000000f0500000, 0x0000000100000000)
  eden space 54272K, 100% used [0x00000000eb980000,0x00000000eee80000,0x00000000eee80000)
  from space 6656K, 95% used [0x00000000efe80000,0x00000000f04b2da0,0x00000000f0500000)
  to   space 7680K, 0% used [0x00000000ef600000,0x00000000ef600000,0x00000000efd80000)
 ParOldGen       total 31232K, used 6716K [0x00000000c2c00000, 0x00000000c4a80000, 0x00000000eb980000)
  object space 31232K, 21% used [0x00000000c2c00000,0x00000000c328f0e8,0x00000000c4a80000)
 Metaspace       used 22943K, capacity 23469K, committed 23808K, reserved 1071104K
  class space    used 2368K, capacity 2506K, committed 2560K, reserved 1048576K
Event: 3.664 GC heap after
Heap after GC invocations=8 (full 1):
 PSYoungGen      total 69632K, used 7663K [0x00000000eb980000, 0x00000000f4300000, 0x0000000100000000)
  eden space 61952K, 0% used [0x00000000eb980000,0x00000000eb980000,0x00000000ef600000)
  from space 7680K, 99% used [0x00000000ef600000,0x00000000efd7bdb8,0x00000000efd80000)
  to   space 22016K, 0% used [0x00000000f2d80000,0x00000000f2d80000,0x00000000f4300000)
 ParOldGen       total 33280K, used 32852K [0x00000000c2c00000, 0x00000000c4c80000, 0x00000000eb980000)
  object space 33280K, 98% used [0x00000000c2c00000,0x00000000c4c150e8,0x00000000c4c80000)
 Metaspace       used 22943K, capacity 23469K, committed 23808K, reserved 1071104K
  class space    used 2368K, capacity 2506K, committed 2560K, reserved 1048576K
}
Event: 3.664 GC heap before
{Heap before GC invocations=9 (full 2):
 PSYoungGen      total 69632K, used 7663K [0x00000000eb980000, 0x00000000f4300000, 0x0000000100000000)
  eden space 61952K, 0% used [0x00000000eb980000,0x00000000eb980000,0x00000000ef600000)
  from space 7680K, 99% used [0x00000000ef600000,0x00000000efd7bdb8,0x00000000efd80000)
  to   space 22016K, 0% used [0x00000000f2d80000,0x00000000f2d80000,0x00000000f4300000)
 ParOldGen       total 33280K, used 32852K [0x00000000c2c00000, 0x00000000c4c80000, 0x00000000eb980000)
  object space 33280K, 98% used [0x00000000c2c00000,0x00000000c4c150e8,0x00000000c4c80000)
 Metaspace       used 22943K, capacity 23469K, committed 23808K, reserved 1071104K
  class space    used 2368K, capacity 2506K, committed 2560K, reserved 1048576K
Event: 4.344 GC heap after
Heap after GC invocations=9 (full 2):
 PSYoungGen      total 69632K, used 6724K [0x00000000eb980000, 0x00000000f4300000, 0x0000000100000000)
  eden space 61952K, 0% used [0x00000000eb980000,0x00000000eb980000,0x00000000ef600000)
  from space 7680K, 87% used [0x00000000ef600000,0x00000000efc913d0,0x00000000efd80000)
  to   space 22016K, 0% used [0x00000000f2d80000,0x00000000f2d80000,0x00000000f4300000)
 ParOldGen       total 84992K, used 33063K [0x00000000c2c00000, 0x00000000c7f00000, 0x00000000eb980000)
  object space 84992K, 38% used [0x00000000c2c00000,0x00000000c4c49d30,0x00000000c7f00000)
 Metaspace       used 22943K, capacity 23469K, committed 23808K, reserved 1071104K
  class space    used 2368K, capacity 2506K, committed 2560K, reserved 1048576K
}
Event: 4.723 GC heap before
{Heap before GC invocations=10 (full 2):
 PSYoungGen      total 69632K, used 68676K [0x00000000eb980000, 0x00000000f4300000, 0x0000000100000000)
  eden space 61952K, 100% used [0x00000000eb980000,0x00000000ef600000,0x00000000ef600000)
  from space 7680K, 87% used [0x00000000ef600000,0x00000000efc913d0,0x00000000efd80000)
  to   space 22016K, 0% used [0x00000000f2d80000,0x00000000f2d80000,0x00000000f4300000)
 ParOldGen       total 84992K, used 33063K [0x00000000c2c00000, 0x00000000c7f00000, 0x00000000eb980000)
  object space 84992K, 38% used [0x00000000c2c00000,0x00000000c4c49d30,0x00000000c7f00000)
 Metaspace       used 23036K, capacity 23533K, committed 23808K, reserved 1071104K
  class space    used 2371K, capacity 2506K, committed 2560K, reserved 1048576K
Event: 4.742 GC heap after
Heap after GC invocations=10 (full 2):
 PSYoungGen      total 86016K, used 10868K [0x00000000eb980000, 0x00000000f3880000, 0x0000000100000000)
  eden space 74752K, 0% used [0x00000000eb980000,0x00000000eb980000,0x00000000f0280000)
  from space 11264K, 96% used [0x00000000f2d80000,0x00000000f381d3a0,0x00000000f3880000)
  to   space 20992K, 0% used [0x00000000f0f80000,0x00000000f0f80000,0x00000000f2400000)
 ParOldGen       total 84992K, used 33071K [0x00000000c2c00000, 0x00000000c7f00000, 0x00000000eb980000)
  object space 84992K, 38% used [0x00000000c2c00000,0x00000000c4c4bd30,0x00000000c7f00000)
 Metaspace       used 23036K, capacity 23533K, committed 23808K, reserved 1071104K
  class space    used 2371K, capacity 2506K, committed 2560K, reserved 1048576K
}

